<?xml version="1.0" encoding="UTF-8"?>
<!-- Generated by org.testng.reporters.JUnitReportReporter -->
<testsuite skipped="0" hostname="DESKTOP-65RRAID" name="testCases.Get_A_Product1" tests="1" failures="0" timestamp="2021-04-14T14:03:13 EDT" time="16.635" errors="0">
  <testcase name="read" time="16.635" classname="testCases.Get_A_Product1"/>
  <system-out/>
</testsuite> <!-- testCases.Get_A_Product1 -->
