<?xml version="1.0" encoding="UTF-8"?>
<!-- Generated by org.testng.reporters.JUnitReportReporter -->
<testsuite skipped="0" hostname="DESKTOP-65RRAID" name="testCases.Create_A_Product" tests="1" failures="0" timestamp="2021-04-13T13:16:54 EDT" time="6.745" errors="0">
  <testcase name="Create_A_product" time="6.745" classname="testCases.Create_A_Product"/>
  <system-out/>
</testsuite> <!-- testCases.Create_A_Product -->
