<?xml version="1.0" encoding="UTF-8"?>
<!-- Generated by org.testng.reporters.JUnitReportReporter -->
<testsuite skipped="0" hostname="DESKTOP-65RRAID" name="testCases.GET_All_Products" tests="1" failures="0" timestamp="2021-04-13T02:50:47 EDT" time="5.049" errors="0">
  <testcase name="read_All_Products" time="5.049" classname="testCases.GET_All_Products"/>
  <system-out/>
</testsuite> <!-- testCases.GET_All_Products -->
