<?xml version="1.0" encoding="UTF-8"?>
<!-- Generated by org.testng.reporters.JUnitReportReporter -->
<testsuite skipped="0" hostname="DESKTOP-65RRAID" name="testCases.Delete" tests="1" failures="0" timestamp="2021-04-18T12:56:25 EDT" time="86.271" errors="0">
  <testcase name="delete" time="86.271" classname="testCases.Delete"/>
  <system-out/>
</testsuite> <!-- testCases.Delete -->
