<?xml version="1.0" encoding="UTF-8"?>
<!-- Generated by org.testng.reporters.JUnitReportReporter -->
<testsuite skipped="0" hostname="DESKTOP-65RRAID" name="testCases.Get_A_product" tests="1" failures="0" timestamp="2021-04-14T14:05:23 EDT" time="18.666" errors="0">
  <testcase name="Read_A_Product" time="18.666" classname="testCases.Get_A_product"/>
  <system-out/>
</testsuite> <!-- testCases.Get_A_product -->
